<?xml version="1.0" encoding="UTF-8"?>
<!-- Generated by org.testng.reporters.JUnitXMLReporter -->
<testsuite ignored="0" hostname="DESKTOP-PK5F6A8" failures="0" tests="7" name="Surefire test" time="77.553" errors="0" timestamp="2025-06-29T16:24:14 IST">
  <testcase classname="com.testproject.tests.SauceDemoTestNGTest" name="testAddIndividualItemsToCart" time="3.845"/>
  <testcase classname="com.testproject.tests.SauceDemoTestNGTest" name="testCheckoutProcess" time="4.737"/>
  <testcase classname="com.testproject.tests.SauceDemoTestNGTest" name="testCompleteShoppingFlow" time="6.088"/>
  <testcase classname="com.testproject.tests.SauceDemoTestNGTest" name="testLoginAndTitleVerification" time="3.979"/>
  <testcase classname="com.testproject.tests.SauceDemoTestNGTest" name="testLoginWithDataProvider" time="3.226"/>
  <testcase classname="com.testproject.tests.SauceDemoTestNGTest" name="testLoginWithDataProvider" time="3.08"/>
  <testcase classname="com.testproject.tests.SauceDemoTestNGTest" name="testLoginWithDataProvider" time="8.122"/>
</testsuite> <!-- Surefire test -->
