<?xml version="1.0" encoding="UTF-8"?>
<!-- Generated by org.testng.reporters.JUnitXMLReporter -->
<testsuite ignored="0" hostname="DESKTOP-PK5F6A8" failures="0" tests="7" name="Sauce Demo TestNG Tests" time="70.487" errors="0" timestamp="2025-06-29T16:26:00 IST">
  <testcase classname="com.testproject.tests.SauceDemoTestNGTest" name="testAddIndividualItemsToCart" time="3.727"/>
  <testcase classname="com.testproject.tests.SauceDemoTestNGTest" name="testCheckoutProcess" time="7.336"/>
  <testcase classname="com.testproject.tests.SauceDemoTestNGTest" name="testCompleteShoppingFlow" time="6.074"/>
  <testcase classname="com.testproject.tests.SauceDemoTestNGTest" name="testLoginAndTitleVerification" time="2.634"/>
  <testcase classname="com.testproject.tests.SauceDemoTestNGTest" name="testLoginWithDataProvider" time="2.312"/>
  <testcase classname="com.testproject.tests.SauceDemoTestNGTest" name="testLoginWithDataProvider" time="3.275"/>
  <testcase classname="com.testproject.tests.SauceDemoTestNGTest" name="testLoginWithDataProvider" time="7.086"/>
</testsuite> <!-- Sauce Demo TestNG Tests -->
