<?xml version="1.0" encoding="UTF-8"?>
<!-- Generated by org.testng.reporters.JUnitXMLReporter -->
<testsuite ignored="0" hostname="DESKTOP-PK5F6A8" failures="0" tests="8" name="Default test" time="16.91" errors="0" timestamp="2025-06-29T19:54:40 IST">
  <testcase classname="com.api.test.LoginAPITest" name="testEmptyRequestBody" time="3.56"/>
  <testcase classname="com.api.test.LoginAPITest" name="testInvalidEmailFormat" time="2.354"/>
  <testcase classname="com.api.test.LoginAPITest" name="testMissingEmail" time="1.572"/>
  <testcase classname="com.api.test.LoginAPITest" name="testMissingPassword" time="2.14"/>
  <testcase classname="com.api.test.LoginAPITest" name="testResponseTime" time="1.548"/>
  <testcase classname="com.api.test.LoginAPITest" name="testValidLogin" time="1.41"/>
  <testcase classname="com.api.test.LoginAPITest" name="testWrongCredentials" time="1.263"/>
  <testcase classname="com.api.test.LoginAPITest" name="testWrongHttpMethod" time="2.296"/>
</testsuite> <!-- Default test -->
