<?xml version="1.0" encoding="UTF-8"?>
<!-- Generated by org.testng.reporters.JUnitXMLReporter -->
<testsuite ignored="0" hostname="DESKTOP-PK5F6A8" failures="0" tests="13" name="All Login API Tests" time="13.056" errors="0" timestamp="2025-07-01T21:43:57 IST">
  <testcase classname="com.api.test.LoginAPITest" name="testEmptyRequestBody" time="1.068"/>
  <testcase classname="com.api.test.LoginAPITest" name="testInvalidEmailFormat" time="1.386"/>
  <testcase classname="com.api.test.LoginAPITest" name="testMissingEmail" time="1.123"/>
  <testcase classname="com.api.test.LoginAPITest" name="testMissingPassword" time="1.066"/>
  <testcase classname="com.api.test.LoginAPITest" name="testResponseTime" time="1.061"/>
  <testcase classname="com.api.test.LoginAPITest" name="testValidLogin" time="1.331"/>
  <testcase classname="com.api.test.LoginAPITest" name="testWrongCredentials" time="1.098"/>
  <testcase classname="com.api.test.LoginAPITest" name="testWrongHttpMethod" time="1.309"/>
  <testcase classname="com.api.test.LoginAPITestDemo" name="testHttpMethodValidation" time="0.199"/>
  <testcase classname="com.api.test.LoginAPITestDemo" name="testInvalidRequestDemo" time="0.998"/>
  <testcase classname="com.api.test.LoginAPITestDemo" name="testRequestResponseLogging" time="0.848"/>
  <testcase classname="com.api.test.LoginAPITestDemo" name="testResponseTimeValidation" time="0.726"/>
  <testcase classname="com.api.test.LoginAPITestDemo" name="testValidLoginDemo" time="0.828"/>
</testsuite> <!-- All Login API Tests -->
