<?xml version="1.0" encoding="UTF-8"?>
<!-- Generated by org.testng.reporters.JUnitXMLReporter -->
<testsuite ignored="0" hostname="DESKTOP-PK5F6A8" failures="0" tests="8" name="Basic Login API Tests" time="14.265" errors="0" timestamp="2025-07-01T21:43:40 IST">
  <testcase classname="com.api.test.LoginAPITest" name="testEmptyRequestBody" time="3.26"/>
  <testcase classname="com.api.test.LoginAPITest" name="testInvalidEmailFormat" time="2.53"/>
  <testcase classname="com.api.test.LoginAPITest" name="testMissingEmail" time="1.437"/>
  <testcase classname="com.api.test.LoginAPITest" name="testMissingPassword" time="1.082"/>
  <testcase classname="com.api.test.LoginAPITest" name="testResponseTime" time="1.707"/>
  <testcase classname="com.api.test.LoginAPITest" name="testValidLogin" time="1.136"/>
  <testcase classname="com.api.test.LoginAPITest" name="testWrongCredentials" time="1.333"/>
  <testcase classname="com.api.test.LoginAPITest" name="testWrongHttpMethod" time="1.272"/>
</testsuite> <!-- Basic Login API Tests -->
