<?xml version="1.0" encoding="UTF-8"?>
<!-- Generated by org.testng.reporters.JUnitXMLReporter -->
<testsuite ignored="0" hostname="DESKTOP-PK5F6A8" failures="0" tests="5" name="Demo Login API Tests" time="3.156" errors="0" timestamp="2025-07-01T21:43:44 IST">
  <testcase classname="com.api.test.LoginAPITestDemo" name="testHttpMethodValidation" time="0.115"/>
  <testcase classname="com.api.test.LoginAPITestDemo" name="testInvalidRequestDemo" time="0.673"/>
  <testcase classname="com.api.test.LoginAPITestDemo" name="testRequestResponseLogging" time="0.901"/>
  <testcase classname="com.api.test.LoginAPITestDemo" name="testResponseTimeValidation" time="0.679"/>
  <testcase classname="com.api.test.LoginAPITestDemo" name="testValidLoginDemo" time="0.785"/>
</testsuite> <!-- Demo Login API Tests -->
