<?xml version="1.0" encoding="UTF-8"?>
<!-- Generated by org.testng.reporters.JUnitReportReporter -->
<testsuite hostname="DESKTOP-PK5F6A8" failures="1" tests="2" name="com.testproject.runners.TestRunner" time="30.284" errors="0" timestamp="2025-06-29T16:19:41 IST" skipped="0">
  <testcase classname="com.testproject.runners.TestRunner" name="runScenario" time="10.379">
    <failure message="expected:&lt;&quot;T[HANK YOU FOR YOUR ORDER]&quot;&gt; but was:&lt;&quot;T[hank you for your order!]&quot;&gt;" type="org.junit.ComparisonFailure">
      <![CDATA[org.junit.ComparisonFailure: expected:<"T[HANK YOU FOR YOUR ORDER]"> but was:<"T[hank you for your order!]">
at java.base/jdk.internal.reflect.NativeConstructorAccessorImpl.newInstance0(Native Method)
at java.base/jdk.internal.reflect.NativeConstructorAccessorImpl.newInstance(NativeConstructorAccessorImpl.java:62)
at java.base/jdk.internal.reflect.DelegatingConstructorAccessorImpl.newInstance(DelegatingConstructorAccessorImpl.java:45)
at com.testproject.steps.SauceDemoSteps.i_should_see_the_confirmation_message(SauceDemoSteps.java:95)
at ✽.I should see the confirmation message "THANK YOU FOR YOUR ORDER"(file:///C:/Users/Amol/eclipse-workspace/TestProject/src/test/resources/features/sauce_demo.feature:22)
]]>
    </failure>
  </testcase> <!-- runScenario -->
  <system-out/>
  <testcase classname="com.testproject.runners.TestRunner" name="runScenario" time="19.905"/>
  <system-out/>
</testsuite> <!-- com.testproject.runners.TestRunner -->
