<?xml version="1.0" encoding="UTF-8"?>
<!-- Generated by org.testng.reporters.JUnitXMLReporter -->
<testsuite ignored="0" hostname="DESKTOP-PK5F6A8" failures="1" tests="7" name="Sauce Demo TestNG Tests" time="1.794" errors="0" timestamp="2025-06-29T16:32:49 IST">
  <testcase classname="com.testproject.tests.SauceDemoTestNGTest" name="@AfterMethod captureScreenshotOnFailure" time="0.385">
    <failure type="java.lang.Error" message="Unresolved compilation problem: 
	Reporter cannot be resolved
">
      <![CDATA[java.lang.Error: Unresolved compilation problem: 
Reporter cannot be resolved

at com.testproject.utils.ScreenshotUtil.attachScreenshotToReport(ScreenshotUtil.java:30)
at com.testproject.tests.SauceDemoTestNGTest.captureScreenshotOnFailure(SauceDemoTestNGTest.java:31)
at java.base/java.util.ArrayList.forEach(ArrayList.java:1541)
... Removed 32 stack frames]]>
    </failure>
  </testcase> <!-- @AfterMethod captureScreenshotOnFailure -->
  <testcase classname="com.testproject.tests.SauceDemoTestNGTest" name="@AfterMethod captureScreenshotOnFailure" time="0.0">
    <skipped/>
  </testcase> <!-- @AfterMethod captureScreenshotOnFailure -->
  <testcase classname="com.testproject.tests.SauceDemoTestNGTest" name="@AfterMethod captureScreenshotOnFailure" time="0.0">
    <skipped/>
  </testcase> <!-- @AfterMethod captureScreenshotOnFailure -->
  <testcase classname="com.testproject.tests.SauceDemoTestNGTest" name="@AfterMethod captureScreenshotOnFailure" time="0.0">
    <skipped/>
  </testcase> <!-- @AfterMethod captureScreenshotOnFailure -->
  <testcase classname="com.testproject.tests.SauceDemoTestNGTest" name="@AfterMethod captureScreenshotOnFailure" time="0.0">
    <skipped/>
  </testcase> <!-- @AfterMethod captureScreenshotOnFailure -->
  <testcase classname="com.testproject.tests.SauceDemoTestNGTest" name="@AfterMethod captureScreenshotOnFailure" time="0.0">
    <skipped/>
  </testcase> <!-- @AfterMethod captureScreenshotOnFailure -->
  <testcase classname="com.testproject.tests.SauceDemoTestNGTest" name="@AfterMethod captureScreenshotOnFailure" time="0.0">
    <skipped/>
  </testcase> <!-- @AfterMethod captureScreenshotOnFailure -->
  <testcase classname="com.testproject.tests.SauceDemoTestNGTest" name="testAddIndividualItemsToCart" time="1.252">
    <failure type="org.junit.ComparisonFailure" message="expected:&amp;lt;&amp;quot;[1]&amp;quot;&amp;gt; but was:&amp;lt;&amp;quot;[0]&amp;quot;&amp;gt;">
      <![CDATA[org.junit.ComparisonFailure: expected:<"[1]"> but was:<"[0]">
at com.testproject.tests.SauceDemoTestNGTest.testAddIndividualItemsToCart(SauceDemoTestNGTest.java:107)
at java.base/java.util.ArrayList.forEach(ArrayList.java:1541)
... Removed 30 stack frames]]>
    </failure>
  </testcase> <!-- testAddIndividualItemsToCart -->
  <testcase classname="com.testproject.tests.SauceDemoTestNGTest" name="testCheckoutProcess" time="0.0">
    <skipped/>
  </testcase> <!-- testCheckoutProcess -->
  <testcase classname="com.testproject.tests.SauceDemoTestNGTest" name="testCompleteShoppingFlow" time="0.0">
    <skipped/>
  </testcase> <!-- testCompleteShoppingFlow -->
  <testcase classname="com.testproject.tests.SauceDemoTestNGTest" name="testLoginAndTitleVerification" time="0.001">
    <skipped/>
  </testcase> <!-- testLoginAndTitleVerification -->
  <testcase classname="com.testproject.tests.SauceDemoTestNGTest" name="testLoginWithDataProvider" time="0.0">
    <skipped/>
  </testcase> <!-- testLoginWithDataProvider -->
  <testcase classname="com.testproject.tests.SauceDemoTestNGTest" name="testLoginWithDataProvider" time="0.0">
    <skipped/>
  </testcase> <!-- testLoginWithDataProvider -->
  <testcase classname="com.testproject.tests.SauceDemoTestNGTest" name="testLoginWithDataProvider" time="0.0">
    <skipped/>
  </testcase> <!-- testLoginWithDataProvider -->
</testsuite> <!-- Sauce Demo TestNG Tests -->
